#
# There is insufficient memory for the Java Runtime Environment to continue.
# Native memory allocation (malloc) failed to allocate 131088 bytes. Error detail: Chunk::new
# Possible reasons:
#   The system is out of physical RAM or swap space
#   This process is running with CompressedOops enabled, and the Java Heap may be blocking the growth of the native heap
# Possible solutions:
#   Reduce memory load on the system
#   Increase physical memory or swap space
#   Check if swap backing store is full
#   Decrease Java heap size (-Xmx/-Xms)
#   Decrease number of Java threads
#   Decrease Java thread stack sizes (-Xss)
#   Set larger code cache with -XX:ReservedCodeCacheSize=
#   JVM is running with Unscaled Compressed Oops mode in which the Java heap is
#     placed in the first 4GB address space. The Java Heap base address is the
#     maximum limit for the native heap growth. Please use -XX:HeapBaseMinAddress
#     to set the Java Heap base and to place the Java Heap above 4GB virtual address.
# This output file may be truncated or incomplete.
#
#  Out of Memory Error (arena.cpp:191), pid=2536, tid=11960
#
# JRE version: OpenJDK Runtime Environment (17.0.11) (build 17.0.11+0--11852314)
# Java VM: OpenJDK 64-Bit Server VM (17.0.11+0--11852314, mixed mode, tiered, compressed oops, compressed class ptrs, g1 gc, windows-amd64)
# No core dump will be written. Minidumps are not enabled by default on client versions of Windows
#

---------------  S U M M A R Y ------------

Command Line: --add-opens=java.base/java.util=ALL-UNNAMED --add-opens=java.base/java.lang=ALL-UNNAMED --add-opens=java.base/java.lang.invoke=ALL-UNNAMED --add-opens=java.prefs/java.util.prefs=ALL-UNNAMED --add-opens=java.base/java.nio.charset=ALL-UNNAMED --add-opens=java.base/java.net=ALL-UNNAMED --add-opens=java.base/java.util.concurrent.atomic=ALL-UNNAMED -Xmx2048m -Dfile.encoding=UTF-8 -Duser.country=ES -Duser.language=es -Duser.variant -javaagent:C:\Users\Dani-PC\.gradle\wrapper\dists\gradle-8.7-bin\bhs2wmbdwecv87pi65oeuq5iu\gradle-8.7\lib\agents\gradle-instrumentation-agent-8.7.jar org.gradle.launcher.daemon.bootstrap.GradleDaemon 8.7

Host: Intel(R) Core(TM) i7-8750H CPU @ 2.20GHz, 12 cores, 11G,  Windows 10 , 64 bit Build 19041 (10.0.19041.4597)
Time: Wed Oct  2 16:31:30 2024 Hora de verano GMT elapsed time: 70.859772 seconds (0d 0h 1m 10s)

---------------  T H R E A D  ---------------

Current thread (0x00000211f106bbc0):  JavaThread "C2 CompilerThread0" daemon [_thread_in_native, id=11960, stack(0x0000006b41f00000,0x0000006b42000000)]


Current CompileTask:
C2:  71117 5859       4       java.lang.invoke.MethodType::makeImpl (109 bytes)

Stack: [0x0000006b41f00000,0x0000006b42000000]
Native frames: (J=compiled Java code, j=interpreted, Vv=VM code, C=native code)
V  [jvm.dll+0x687bb9]
V  [jvm.dll+0x84142a]
V  [jvm.dll+0x8430ae]
V  [jvm.dll+0x843713]
V  [jvm.dll+0x24a35f]
V  [jvm.dll+0xac544]
V  [jvm.dll+0xacb8c]
V  [jvm.dll+0xb922d]
V  [jvm.dll+0x58ef12]
V  [jvm.dll+0x2247e2]
V  [jvm.dll+0x21da52]
V  [jvm.dll+0x21b201]
V  [jvm.dll+0x1a63ed]
V  [jvm.dll+0x22b1ee]
V  [jvm.dll+0x229375]
V  [jvm.dll+0x7f5647]
V  [jvm.dll+0x7efa4a]
V  [jvm.dll+0x686a35]
C  [ucrtbase.dll+0x21bb2]
C  [KERNEL32.DLL+0x17374]
C  [ntdll.dll+0x4cc91]


---------------  P R O C E S S  ---------------

Threads class SMR info:
_java_thread_list=0x00000211f32d2920, length=55, elements={
0x00000211d28424e0, 0x00000211f1024df0, 0x00000211f1025b80, 0x00000211f1065d20,
0x00000211f1069e20, 0x00000211f106a6f0, 0x00000211f106afc0, 0x00000211f106bbc0,
0x00000211f106caf0, 0x00000211f106d800, 0x00000211ecad3930, 0x00000211f1318b70,
0x00000211f25cae30, 0x00000211f2bb9190, 0x00000211f179c5c0, 0x00000211f2913170,
0x00000211f172a820, 0x00000211f15df280, 0x00000211f23d50a0, 0x00000211f2fbf270,
0x00000211f139d420, 0x00000211f139e860, 0x00000211f139cf10, 0x00000211f139de40,
0x00000211f139e350, 0x00000211f139f790, 0x00000211f139ca00, 0x00000211f139fca0,
0x00000211f139d930, 0x00000211f139f280, 0x00000211f13a01b0, 0x00000211f2d48040,
0x00000211f2d48a60, 0x00000211f2d48f70, 0x00000211f2d49480, 0x00000211f2d45cd0,
0x00000211f2d461e0, 0x00000211f2d466f0, 0x00000211f2d47110, 0x00000211f2d46c00,
0x00000211f2d47b30, 0x00000211f2eefbd0, 0x00000211f2ef3380, 0x00000211f2ef3890,
0x00000211f2ef3da0, 0x00000211f2eef1b0, 0x00000211f2ef05f0, 0x00000211f2ef51e0,
0x00000211f2ef2960, 0x00000211f2ef00e0, 0x00000211f2ef5c00, 0x00000211f2ef42b0,
0x00000211f2ef2e70, 0x00000211f2ef4cd0, 0x00000211f2ef47c0
}

Java Threads: ( => current thread )
  0x00000211d28424e0 JavaThread "main" [_thread_blocked, id=13116, stack(0x0000006b41200000,0x0000006b41300000)]
  0x00000211f1024df0 JavaThread "Reference Handler" daemon [_thread_blocked, id=7548, stack(0x0000006b41900000,0x0000006b41a00000)]
  0x00000211f1025b80 JavaThread "Finalizer" daemon [_thread_blocked, id=7268, stack(0x0000006b41a00000,0x0000006b41b00000)]
  0x00000211f1065d20 JavaThread "Signal Dispatcher" daemon [_thread_blocked, id=6388, stack(0x0000006b41b00000,0x0000006b41c00000)]
  0x00000211f1069e20 JavaThread "Attach Listener" daemon [_thread_blocked, id=8160, stack(0x0000006b41c00000,0x0000006b41d00000)]
  0x00000211f106a6f0 JavaThread "Service Thread" daemon [_thread_blocked, id=9248, stack(0x0000006b41d00000,0x0000006b41e00000)]
  0x00000211f106afc0 JavaThread "Monitor Deflation Thread" daemon [_thread_blocked, id=7532, stack(0x0000006b41e00000,0x0000006b41f00000)]
=>0x00000211f106bbc0 JavaThread "C2 CompilerThread0" daemon [_thread_in_native, id=11960, stack(0x0000006b41f00000,0x0000006b42000000)]
  0x00000211f106caf0 JavaThread "C1 CompilerThread0" daemon [_thread_blocked, id=14032, stack(0x0000006b42000000,0x0000006b42100000)]
  0x00000211f106d800 JavaThread "Sweeper thread" daemon [_thread_blocked, id=13976, stack(0x0000006b42100000,0x0000006b42200000)]
  0x00000211ecad3930 JavaThread "Common-Cleaner" daemon [_thread_blocked, id=6436, stack(0x0000006b42200000,0x0000006b42300000)]
  0x00000211f1318b70 JavaThread "Notification Thread" daemon [_thread_blocked, id=15088, stack(0x0000006b42300000,0x0000006b42400000)]
  0x00000211f25cae30 JavaThread "Daemon health stats" [_thread_blocked, id=8692, stack(0x0000006b42900000,0x0000006b42a00000)]
  0x00000211f2bb9190 JavaThread "Incoming local TCP Connector on port 60802" [_thread_in_native, id=11672, stack(0x0000006b42a00000,0x0000006b42b00000)]
  0x00000211f179c5c0 JavaThread "Daemon periodic checks" [_thread_blocked, id=8100, stack(0x0000006b42b00000,0x0000006b42c00000)]
  0x00000211f2913170 JavaThread "Daemon" [_thread_blocked, id=11908, stack(0x0000006b42c00000,0x0000006b42d00000)]
  0x00000211f172a820 JavaThread "Handler for socket connection from /127.0.0.1:60802 to /127.0.0.1:60803" [_thread_in_native, id=6060, stack(0x0000006b42d00000,0x0000006b42e00000)]
  0x00000211f15df280 JavaThread "Cancel handler" [_thread_blocked, id=15944, stack(0x0000006b42e00000,0x0000006b42f00000)]
  0x00000211f23d50a0 JavaThread "Daemon worker" [_thread_blocked, id=7324, stack(0x0000006b42f00000,0x0000006b43000000)]
  0x00000211f2fbf270 JavaThread "Asynchronous log dispatcher for DefaultDaemonConnection: socket connection from /127.0.0.1:60802 to /127.0.0.1:60803" [_thread_blocked, id=8524, stack(0x0000006b43000000,0x0000006b43100000)]
  0x00000211f139d420 JavaThread "Stdin handler" [_thread_blocked, id=6644, stack(0x0000006b43100000,0x0000006b43200000)]
  0x00000211f139e860 JavaThread "Daemon client event forwarder" [_thread_blocked, id=15192, stack(0x0000006b43200000,0x0000006b43300000)]
  0x00000211f139cf10 JavaThread "Cache worker for journal cache (C:\Users\Dani-PC\.gradle\caches\journal-1)" [_thread_blocked, id=17008, stack(0x0000006b43a00000,0x0000006b43b00000)]
  0x00000211f139de40 JavaThread "File lock request listener" [_thread_in_native, id=10088, stack(0x0000006b43b00000,0x0000006b43c00000)]
  0x00000211f139e350 JavaThread "Cache worker for file hash cache (C:\Users\Dani-PC\.gradle\caches\8.7\fileHashes)" [_thread_in_native, id=17256, stack(0x0000006b43c00000,0x0000006b43d00000)]
  0x00000211f139f790 JavaThread "Cache worker for file hash cache (C:\Users\Dani-PC\AndroidStudioProjects\Primera\.gradle\8.7\fileHashes)" [_thread_blocked, id=1628, stack(0x0000006b43d00000,0x0000006b43e00000)]
  0x00000211f139ca00 JavaThread "File watcher server" daemon [_thread_in_native, id=14312, stack(0x0000006b44000000,0x0000006b44100000)]
  0x00000211f139fca0 JavaThread "File watcher consumer" daemon [_thread_blocked, id=10628, stack(0x0000006b44100000,0x0000006b44200000)]
  0x00000211f139d930 JavaThread "Cache worker for checksums cache (C:\Users\Dani-PC\AndroidStudioProjects\Primera\.gradle\8.7\checksums)" [_thread_blocked, id=5444, stack(0x0000006b44200000,0x0000006b44300000)]
  0x00000211f139f280 JavaThread "Cache worker for cache directory md-supplier (C:\Users\Dani-PC\.gradle\caches\8.7\md-supplier)" [_thread_blocked, id=1712, stack(0x0000006b44300000,0x0000006b44400000)]
  0x00000211f13a01b0 JavaThread "Cache worker for cache directory md-rule (C:\Users\Dani-PC\.gradle\caches\8.7\md-rule)" [_thread_blocked, id=15404, stack(0x0000006b44400000,0x0000006b44500000)]
  0x00000211f2d48040 JavaThread "Cache worker for file content cache (C:\Users\Dani-PC\.gradle\caches\8.7\fileContent)" [_thread_blocked, id=12384, stack(0x0000006b44500000,0x0000006b44600000)]
  0x00000211f2d48a60 JavaThread "Cache worker for Build Output Cleanup Cache (C:\Users\Dani-PC\AndroidStudioProjects\Primera\.gradle\buildOutputCleanup)" [_thread_blocked, id=3392, stack(0x0000006b44600000,0x0000006b44700000)]
  0x00000211f2d48f70 JavaThread "Unconstrained build operations" [_thread_blocked, id=8956, stack(0x0000006b40f00000,0x0000006b41000000)]
  0x00000211f2d49480 JavaThread "Unconstrained build operations Thread 2" [_thread_blocked, id=1888, stack(0x0000006b41000000,0x0000006b41100000)]
  0x00000211f2d45cd0 JavaThread "Unconstrained build operations Thread 3" [_thread_blocked, id=13216, stack(0x0000006b41100000,0x0000006b41200000)]
  0x00000211f2d461e0 JavaThread "Unconstrained build operations Thread 4" [_thread_blocked, id=14972, stack(0x0000006b44700000,0x0000006b44800000)]
  0x00000211f2d466f0 JavaThread "Unconstrained build operations Thread 5" [_thread_blocked, id=6772, stack(0x0000006b44800000,0x0000006b44900000)]
  0x00000211f2d47110 JavaThread "Unconstrained build operations Thread 6" [_thread_blocked, id=3716, stack(0x0000006b44900000,0x0000006b44a00000)]
  0x00000211f2d46c00 JavaThread "Unconstrained build operations Thread 7" [_thread_blocked, id=10048, stack(0x0000006b44a00000,0x0000006b44b00000)]
  0x00000211f2d47b30 JavaThread "Unconstrained build operations Thread 8" [_thread_blocked, id=12120, stack(0x0000006b44b00000,0x0000006b44c00000)]
  0x00000211f2eefbd0 JavaThread "Unconstrained build operations Thread 9" [_thread_blocked, id=10028, stack(0x0000006b44c00000,0x0000006b44d00000)]
  0x00000211f2ef3380 JavaThread "Unconstrained build operations Thread 10" [_thread_blocked, id=8896, stack(0x0000006b44d00000,0x0000006b44e00000)]
  0x00000211f2ef3890 JavaThread "Unconstrained build operations Thread 11" [_thread_blocked, id=4688, stack(0x0000006b44e00000,0x0000006b44f00000)]
  0x00000211f2ef3da0 JavaThread "Unconstrained build operations Thread 12" [_thread_blocked, id=5992, stack(0x0000006b44f00000,0x0000006b45000000)]
  0x00000211f2eef1b0 JavaThread "Unconstrained build operations Thread 13" [_thread_blocked, id=12800, stack(0x0000006b45000000,0x0000006b45100000)]
  0x00000211f2ef05f0 JavaThread "Unconstrained build operations Thread 14" [_thread_blocked, id=9420, stack(0x0000006b45100000,0x0000006b45200000)]
  0x00000211f2ef51e0 JavaThread "Unconstrained build operations Thread 15" [_thread_blocked, id=9384, stack(0x0000006b45200000,0x0000006b45300000)]
  0x00000211f2ef2960 JavaThread "Unconstrained build operations Thread 16" [_thread_blocked, id=14108, stack(0x0000006b45300000,0x0000006b45400000)]
  0x00000211f2ef00e0 JavaThread "Unconstrained build operations Thread 17" [_thread_blocked, id=10808, stack(0x0000006b45400000,0x0000006b45500000)]
  0x00000211f2ef5c00 JavaThread "Unconstrained build operations Thread 18" [_thread_blocked, id=8112, stack(0x0000006b45500000,0x0000006b45600000)]
  0x00000211f2ef42b0 JavaThread "Unconstrained build operations Thread 19" [_thread_blocked, id=14376, stack(0x0000006b45600000,0x0000006b45700000)]
  0x00000211f2ef2e70 JavaThread "Unconstrained build operations Thread 20" [_thread_blocked, id=14584, stack(0x0000006b45700000,0x0000006b45800000)]
  0x00000211f2ef4cd0 JavaThread "Unconstrained build operations Thread 21" [_thread_blocked, id=16540, stack(0x0000006b45800000,0x0000006b45900000)]
  0x00000211f2ef47c0 JavaThread "Unconstrained build operations Thread 22" [_thread_blocked, id=15136, stack(0x0000006b45900000,0x0000006b45a00000)]

Other Threads:
  0x00000211f101da30 VMThread "VM Thread" [stack: 0x0000006b41800000,0x0000006b41900000] [id=7928]
  0x00000211f1319050 WatcherThread [stack: 0x0000006b42400000,0x0000006b42500000] [id=15448]
  0x00000211d28a05e0 GCTaskThread "GC Thread#0" [stack: 0x0000006b41300000,0x0000006b41400000] [id=8480]
  0x00000211f1f65e40 GCTaskThread "GC Thread#1" [stack: 0x0000006b42600000,0x0000006b42700000] [id=15084]
  0x00000211f1de5930 GCTaskThread "GC Thread#2" [stack: 0x0000006b42700000,0x0000006b42800000] [id=14248]
  0x00000211f1e97030 GCTaskThread "GC Thread#3" [stack: 0x0000006b42800000,0x0000006b42900000] [id=9008]
  0x00000211f1f381e0 GCTaskThread "GC Thread#4" [stack: 0x0000006b42500000,0x0000006b42600000] [id=3980]
  0x00000211f2a3de70 GCTaskThread "GC Thread#5" [stack: 0x0000006b43300000,0x0000006b43400000] [id=5816]
  0x00000211f389bcc0 GCTaskThread "GC Thread#6" [stack: 0x0000006b43400000,0x0000006b43500000] [id=4128]
  0x00000211f17b2c60 GCTaskThread "GC Thread#7" [stack: 0x0000006b43500000,0x0000006b43600000] [id=13928]
  0x00000211f1384440 GCTaskThread "GC Thread#8" [stack: 0x0000006b43600000,0x0000006b43700000] [id=5160]
  0x00000211f1ec4460 GCTaskThread "GC Thread#9" [stack: 0x0000006b43700000,0x0000006b43800000] [id=2688]
  0x00000211d28b1440 ConcurrentGCThread "G1 Main Marker" [stack: 0x0000006b41400000,0x0000006b41500000] [id=17160]
  0x00000211d28b1d70 ConcurrentGCThread "G1 Conc#0" [stack: 0x0000006b41500000,0x0000006b41600000] [id=6628]
  0x00000211f10df3f0 ConcurrentGCThread "G1 Conc#1" [stack: 0x0000006b43800000,0x0000006b43900000] [id=13288]
  0x00000211f18da6c0 ConcurrentGCThread "G1 Conc#2" [stack: 0x0000006b43900000,0x0000006b43a00000] [id=8276]
  0x00000211d28fde30 ConcurrentGCThread "G1 Refine#0" [stack: 0x0000006b41600000,0x0000006b41700000] [id=13776]
  0x00000211d28fe770 ConcurrentGCThread "G1 Service" [stack: 0x0000006b41700000,0x0000006b41800000] [id=12292]

Threads with active compile tasks:
C2 CompilerThread0    72180 5859       4       java.lang.invoke.MethodType::makeImpl (109 bytes)

VM state: not at safepoint (normal execution)

VM Mutex/Monitor currently owned by a thread: None

Heap address: 0x0000000080000000, size: 2048 MB, Compressed Oops mode: 32-bit

CDS archive(s) not mapped
Compressed class space mapped at: 0x0000000100000000-0x0000000140000000, reserved size: 1073741824
Narrow klass base: 0x0000000000000000, Narrow klass shift: 3, Narrow klass range: 0x140000000

GC Precious Log:
 CPUs: 12 total, 12 available
 Memory: 12176M
 Large Page Support: Disabled
 NUMA Support: Disabled
 Compressed Oops: Enabled (32-bit)
 Heap Region Size: 1M
 Heap Min Capacity: 8M
 Heap Initial Capacity: 192M
 Heap Max Capacity: 2G
 Pre-touch: Disabled
 Parallel Workers: 10
 Concurrent Workers: 3
 Concurrent Refinement Workers: 10
 Periodic GC: Disabled

Heap:
 garbage-first heap   total 94208K, used 52264K [0x0000000080000000, 0x0000000100000000)
  region size 1024K, 22 young (22528K), 6 survivors (6144K)
 Metaspace       used 56436K, committed 56960K, reserved 1114112K
  class space    used 7754K, committed 8000K, reserved 1048576K

Heap Regions: E=young(eden), S=young(survivor), O=old, HS=humongous(starts), HC=humongous(continues), CS=collection set, F=free, OA=open archive, CA=closed archive, TAMS=top-at-mark-start (previous, next)
|   0|0x0000000080000000, 0x0000000080100000, 0x0000000080100000|100%|HS|  |TAMS 0x0000000080100000, 0x0000000080000000| Complete 
|   1|0x0000000080100000, 0x0000000080200000, 0x0000000080200000|100%|HC|  |TAMS 0x0000000080200000, 0x0000000080100000| Complete 
|   2|0x0000000080200000, 0x0000000080300000, 0x0000000080300000|100%|HC|  |TAMS 0x0000000080300000, 0x0000000080200000| Complete 
|   3|0x0000000080300000, 0x0000000080400000, 0x0000000080400000|100%|HC|  |TAMS 0x0000000080400000, 0x0000000080300000| Complete 
|   4|0x0000000080400000, 0x0000000080500000, 0x0000000080500000|100%| O|  |TAMS 0x0000000080500000, 0x0000000080400000| Untracked 
|   5|0x0000000080500000, 0x0000000080600000, 0x0000000080600000|100%| O|  |TAMS 0x0000000080600000, 0x0000000080500000| Untracked 
|   6|0x0000000080600000, 0x0000000080700000, 0x0000000080700000|100%| O|  |TAMS 0x0000000080700000, 0x0000000080600000| Untracked 
|   7|0x0000000080700000, 0x0000000080800000, 0x0000000080800000|100%| O|  |TAMS 0x0000000080800000, 0x0000000080700000| Untracked 
|   8|0x0000000080800000, 0x0000000080900000, 0x0000000080900000|100%| O|  |TAMS 0x0000000080900000, 0x0000000080800000| Untracked 
|   9|0x0000000080900000, 0x0000000080a00000, 0x0000000080a00000|100%| O|  |TAMS 0x0000000080a00000, 0x0000000080900000| Untracked 
|  10|0x0000000080a00000, 0x0000000080b00000, 0x0000000080b00000|100%| O|  |TAMS 0x0000000080a00000, 0x0000000080a00000| Untracked 
|  11|0x0000000080b00000, 0x0000000080c00000, 0x0000000080c00000|100%| O|  |TAMS 0x0000000080c00000, 0x0000000080b00000| Untracked 
|  12|0x0000000080c00000, 0x0000000080d00000, 0x0000000080d00000|100%| O|  |TAMS 0x0000000080d00000, 0x0000000080c00000| Untracked 
|  13|0x0000000080d00000, 0x0000000080e00000, 0x0000000080e00000|100%| O|  |TAMS 0x0000000080e00000, 0x0000000080d00000| Untracked 
|  14|0x0000000080e00000, 0x0000000080f00000, 0x0000000080f00000|100%| O|  |TAMS 0x0000000080f00000, 0x0000000080e00000| Untracked 
|  15|0x0000000080f00000, 0x0000000081000000, 0x0000000081000000|100%| O|  |TAMS 0x0000000081000000, 0x0000000080f00000| Untracked 
|  16|0x0000000081000000, 0x0000000081100000, 0x0000000081100000|100%| O|  |TAMS 0x0000000081100000, 0x0000000081000000| Untracked 
|  17|0x0000000081100000, 0x0000000081200000, 0x0000000081200000|100%| O|  |TAMS 0x0000000081200000, 0x0000000081100000| Untracked 
|  18|0x0000000081200000, 0x0000000081300000, 0x0000000081300000|100%| O|  |TAMS 0x0000000081300000, 0x0000000081200000| Untracked 
|  19|0x0000000081300000, 0x0000000081400000, 0x0000000081400000|100%| O|  |TAMS 0x0000000081400000, 0x0000000081300000| Untracked 
|  20|0x0000000081400000, 0x0000000081500000, 0x0000000081500000|100%| O|  |TAMS 0x00000000814fca00, 0x0000000081400000| Untracked 
|  21|0x0000000081500000, 0x0000000081600000, 0x0000000081600000|100%| O|  |TAMS 0x0000000081500000, 0x0000000081500000| Untracked 
|  22|0x0000000081600000, 0x0000000081700000, 0x0000000081700000|100%| O|  |TAMS 0x0000000081600000, 0x0000000081600000| Untracked 
|  23|0x0000000081700000, 0x0000000081800000, 0x0000000081800000|100%| O|  |TAMS 0x0000000081700000, 0x0000000081700000| Untracked 
|  24|0x0000000081800000, 0x0000000081900000, 0x0000000081900000|100%| O|  |TAMS 0x0000000081800000, 0x0000000081800000| Untracked 
|  25|0x0000000081900000, 0x0000000081a00000, 0x0000000081a00000|100%| O|  |TAMS 0x0000000081900000, 0x0000000081900000| Untracked 
|  26|0x0000000081a00000, 0x0000000081b00000, 0x0000000081b00000|100%| O|  |TAMS 0x0000000081a00000, 0x0000000081a00000| Untracked 
|  27|0x0000000081b00000, 0x0000000081c00000, 0x0000000081c00000|100%| O|  |TAMS 0x0000000081b00000, 0x0000000081b00000| Untracked 
|  28|0x0000000081c00000, 0x0000000081d00000, 0x0000000081d00000|100%| O|  |TAMS 0x0000000081c00000, 0x0000000081c00000| Untracked 
|  29|0x0000000081d00000, 0x0000000081d00000, 0x0000000081e00000|  0%| F|  |TAMS 0x0000000081d00000, 0x0000000081d00000| Untracked 
|  30|0x0000000081e00000, 0x0000000081e00000, 0x0000000081f00000|  0%| F|  |TAMS 0x0000000081e00000, 0x0000000081e00000| Untracked 
|  31|0x0000000081f00000, 0x0000000082000000, 0x0000000082000000|100%| O|  |TAMS 0x0000000081f00000, 0x0000000081f00000| Untracked 
|  32|0x0000000082000000, 0x000000008203ca00, 0x0000000082100000| 23%| O|  |TAMS 0x0000000082000000, 0x0000000082000000| Untracked 
|  33|0x0000000082100000, 0x0000000082100000, 0x0000000082200000|  0%| F|  |TAMS 0x0000000082100000, 0x0000000082100000| Untracked 
|  34|0x0000000082200000, 0x0000000082200000, 0x0000000082300000|  0%| F|  |TAMS 0x0000000082200000, 0x0000000082200000| Untracked 
|  35|0x0000000082300000, 0x0000000082300000, 0x0000000082400000|  0%| F|  |TAMS 0x0000000082300000, 0x0000000082300000| Untracked 
|  36|0x0000000082400000, 0x0000000082400000, 0x0000000082500000|  0%| F|  |TAMS 0x0000000082400000, 0x0000000082400000| Untracked 
|  37|0x0000000082500000, 0x0000000082500000, 0x0000000082600000|  0%| F|  |TAMS 0x0000000082500000, 0x0000000082500000| Untracked 
|  38|0x0000000082600000, 0x0000000082600000, 0x0000000082700000|  0%| F|  |TAMS 0x0000000082600000, 0x0000000082600000| Untracked 
|  39|0x0000000082700000, 0x0000000082700000, 0x0000000082800000|  0%| F|  |TAMS 0x0000000082700000, 0x0000000082700000| Untracked 
|  40|0x0000000082800000, 0x0000000082800000, 0x0000000082900000|  0%| F|  |TAMS 0x0000000082800000, 0x0000000082800000| Untracked 
|  41|0x0000000082900000, 0x0000000082900000, 0x0000000082a00000|  0%| F|  |TAMS 0x0000000082900000, 0x0000000082900000| Untracked 
|  42|0x0000000082a00000, 0x0000000082acd900, 0x0000000082b00000| 80%| S|CS|TAMS 0x0000000082a00000, 0x0000000082a00000| Complete 
|  43|0x0000000082b00000, 0x0000000082c00000, 0x0000000082c00000|100%| S|CS|TAMS 0x0000000082b00000, 0x0000000082b00000| Complete 
|  44|0x0000000082c00000, 0x0000000082d00000, 0x0000000082d00000|100%| S|CS|TAMS 0x0000000082c00000, 0x0000000082c00000| Complete 
|  45|0x0000000082d00000, 0x0000000082e00000, 0x0000000082e00000|100%| S|CS|TAMS 0x0000000082d00000, 0x0000000082d00000| Complete 
|  46|0x0000000082e00000, 0x0000000082e00000, 0x0000000082f00000|  0%| F|  |TAMS 0x0000000082e00000, 0x0000000082e00000| Untracked 
|  47|0x0000000082f00000, 0x0000000082f00000, 0x0000000083000000|  0%| F|  |TAMS 0x0000000082f00000, 0x0000000082f00000| Untracked 
|  48|0x0000000083000000, 0x0000000083000000, 0x0000000083100000|  0%| F|  |TAMS 0x0000000083000000, 0x0000000083000000| Untracked 
|  49|0x0000000083100000, 0x0000000083100000, 0x0000000083200000|  0%| F|  |TAMS 0x0000000083100000, 0x0000000083100000| Untracked 
|  50|0x0000000083200000, 0x0000000083200000, 0x0000000083300000|  0%| F|  |TAMS 0x0000000083200000, 0x0000000083200000| Untracked 
|  51|0x0000000083300000, 0x0000000083400000, 0x0000000083400000|100%| S|CS|TAMS 0x0000000083300000, 0x0000000083300000| Complete 
|  52|0x0000000083400000, 0x0000000083500000, 0x0000000083500000|100%| S|CS|TAMS 0x0000000083400000, 0x0000000083400000| Complete 
|  53|0x0000000083500000, 0x0000000083500000, 0x0000000083600000|  0%| F|  |TAMS 0x0000000083500000, 0x0000000083500000| Untracked 
|  54|0x0000000083600000, 0x0000000083600000, 0x0000000083700000|  0%| F|  |TAMS 0x0000000083600000, 0x0000000083600000| Untracked 
|  55|0x0000000083700000, 0x0000000083700000, 0x0000000083800000|  0%| F|  |TAMS 0x0000000083700000, 0x0000000083700000| Untracked 
|  56|0x0000000083800000, 0x0000000083800000, 0x0000000083900000|  0%| F|  |TAMS 0x0000000083800000, 0x0000000083800000| Untracked 
|  57|0x0000000083900000, 0x0000000083900000, 0x0000000083a00000|  0%| F|  |TAMS 0x0000000083900000, 0x0000000083900000| Untracked 
|  58|0x0000000083a00000, 0x0000000083a00000, 0x0000000083b00000|  0%| F|  |TAMS 0x0000000083a00000, 0x0000000083a00000| Untracked 
|  59|0x0000000083b00000, 0x0000000083b00000, 0x0000000083c00000|  0%| F|  |TAMS 0x0000000083b00000, 0x0000000083b00000| Untracked 
|  60|0x0000000083c00000, 0x0000000083c00000, 0x0000000083d00000|  0%| F|  |TAMS 0x0000000083c00000, 0x0000000083c00000| Untracked 
|  61|0x0000000083d00000, 0x0000000083d00000, 0x0000000083e00000|  0%| F|  |TAMS 0x0000000083d00000, 0x0000000083d00000| Untracked 
|  62|0x0000000083e00000, 0x0000000083e00000, 0x0000000083f00000|  0%| F|  |TAMS 0x0000000083e00000, 0x0000000083e00000| Untracked 
|  63|0x0000000083f00000, 0x0000000083f00000, 0x0000000084000000|  0%| F|  |TAMS 0x0000000083f00000, 0x0000000083f00000| Untracked 
|  64|0x0000000084000000, 0x0000000084000000, 0x0000000084100000|  0%| F|  |TAMS 0x0000000084000000, 0x0000000084000000| Untracked 
|  65|0x0000000084100000, 0x0000000084100000, 0x0000000084200000|  0%| F|  |TAMS 0x0000000084100000, 0x0000000084100000| Untracked 
|  66|0x0000000084200000, 0x0000000084200000, 0x0000000084300000|  0%| F|  |TAMS 0x0000000084200000, 0x0000000084200000| Untracked 
|  67|0x0000000084300000, 0x0000000084300000, 0x0000000084400000|  0%| F|  |TAMS 0x0000000084300000, 0x0000000084300000| Untracked 
|  68|0x0000000084400000, 0x0000000084400000, 0x0000000084500000|  0%| F|  |TAMS 0x0000000084400000, 0x0000000084400000| Untracked 
|  69|0x0000000084500000, 0x0000000084500000, 0x0000000084600000|  0%| F|  |TAMS 0x0000000084500000, 0x0000000084500000| Untracked 
|  70|0x0000000084600000, 0x0000000084600000, 0x0000000084700000|  0%| F|  |TAMS 0x0000000084600000, 0x0000000084600000| Untracked 
|  71|0x0000000084700000, 0x0000000084700000, 0x0000000084800000|  0%| F|  |TAMS 0x0000000084700000, 0x0000000084700000| Untracked 
|  72|0x0000000084800000, 0x0000000084800000, 0x0000000084900000|  0%| F|  |TAMS 0x0000000084800000, 0x0000000084800000| Untracked 
|  73|0x0000000084900000, 0x0000000084900000, 0x0000000084a00000|  0%| F|  |TAMS 0x0000000084900000, 0x0000000084900000| Untracked 
|  74|0x0000000084a00000, 0x0000000084a00000, 0x0000000084b00000|  0%| F|  |TAMS 0x0000000084a00000, 0x0000000084a00000| Untracked 
|  75|0x0000000084b00000, 0x0000000084b00000, 0x0000000084c00000|  0%| F|  |TAMS 0x0000000084b00000, 0x0000000084b00000| Untracked 
|  76|0x0000000084c00000, 0x0000000084ce6258, 0x0000000084d00000| 89%| E|  |TAMS 0x0000000084c00000, 0x0000000084c00000| Complete 
|  77|0x0000000084d00000, 0x0000000084e00000, 0x0000000084e00000|100%| E|CS|TAMS 0x0000000084d00000, 0x0000000084d00000| Complete 
|  78|0x0000000084e00000, 0x0000000084f00000, 0x0000000084f00000|100%| E|CS|TAMS 0x0000000084e00000, 0x0000000084e00000| Complete 
|  79|0x0000000084f00000, 0x0000000085000000, 0x0000000085000000|100%| E|CS|TAMS 0x0000000084f00000, 0x0000000084f00000| Complete 
|  80|0x0000000085000000, 0x0000000085100000, 0x0000000085100000|100%| E|CS|TAMS 0x0000000085000000, 0x0000000085000000| Complete 
|  81|0x0000000085100000, 0x0000000085200000, 0x0000000085200000|100%| E|CS|TAMS 0x0000000085100000, 0x0000000085100000| Complete 
| 132|0x0000000088400000, 0x0000000088500000, 0x0000000088500000|100%| E|CS|TAMS 0x0000000088400000, 0x0000000088400000| Complete 
| 133|0x0000000088500000, 0x0000000088600000, 0x0000000088600000|100%| E|CS|TAMS 0x0000000088500000, 0x0000000088500000| Complete 
| 134|0x0000000088600000, 0x0000000088700000, 0x0000000088700000|100%| E|CS|TAMS 0x0000000088600000, 0x0000000088600000| Complete 
| 135|0x0000000088700000, 0x0000000088800000, 0x0000000088800000|100%| E|CS|TAMS 0x0000000088700000, 0x0000000088700000| Complete 
| 136|0x0000000088800000, 0x0000000088900000, 0x0000000088900000|100%| E|CS|TAMS 0x0000000088800000, 0x0000000088800000| Complete 
| 137|0x0000000088900000, 0x0000000088a00000, 0x0000000088a00000|100%| E|CS|TAMS 0x0000000088900000, 0x0000000088900000| Complete 
| 138|0x0000000088a00000, 0x0000000088b00000, 0x0000000088b00000|100%| E|CS|TAMS 0x0000000088a00000, 0x0000000088a00000| Complete 
| 139|0x0000000088b00000, 0x0000000088c00000, 0x0000000088c00000|100%| E|CS|TAMS 0x0000000088b00000, 0x0000000088b00000| Complete 
| 140|0x0000000088c00000, 0x0000000088d00000, 0x0000000088d00000|100%| E|CS|TAMS 0x0000000088c00000, 0x0000000088c00000| Complete 
| 191|0x000000008bf00000, 0x000000008c000000, 0x000000008c000000|100%| E|CS|TAMS 0x000000008bf00000, 0x000000008bf00000| Complete 

Card table byte_map: [0x00000211e5670000,0x00000211e5a70000] _byte_map_base: 0x00000211e5270000

Marking Bits (Prev, Next): (CMBitMap*) 0x00000211d28a0b10, (CMBitMap*) 0x00000211d28a0b50
 Prev Bits: [0x00000211e5e70000, 0x00000211e7e70000)
 Next Bits: [0x00000211e7e70000, 0x00000211e9e70000)

Polling page: 0x00000211d0560000

Metaspace:

Usage:
  Non-class:     47.54 MB used.
      Class:      7.57 MB used.
       Both:     55.11 MB used.

Virtual space:
  Non-class space:       64.00 MB reserved,      47.81 MB ( 75%) committed,  1 nodes.
      Class space:        1.00 GB reserved,       7.81 MB ( <1%) committed,  1 nodes.
             Both:        1.06 GB reserved,      55.62 MB (  5%) committed. 

Chunk freelists:
   Non-Class:  16.00 KB
       Class:  8.20 MB
        Both:  8.22 MB

MaxMetaspaceSize: unlimited
CompressedClassSpaceSize: 1.00 GB
Initial GC threshold: 21.00 MB
Current GC threshold: 58.88 MB
CDS: off
MetaspaceReclaimPolicy: balanced
 - commit_granule_bytes: 65536.
 - commit_granule_words: 8192.
 - virtual_space_node_default_size: 8388608.
 - enlarge_chunks_in_place: 1.
 - new_chunks_are_fully_committed: 0.
 - uncommit_free_chunks: 1.
 - use_allocation_guard: 0.
 - handle_deallocations: 1.


Internal statistics:

num_allocs_failed_limit: 6.
num_arena_births: 618.
num_arena_deaths: 0.
num_vsnodes_births: 2.
num_vsnodes_deaths: 0.
num_space_committed: 890.
num_space_uncommitted: 0.
num_chunks_returned_to_freelist: 6.
num_chunks_taken_from_freelist: 2513.
num_chunk_merges: 6.
num_chunk_splits: 1637.
num_chunks_enlarged: 1099.
num_inconsistent_stats: 0.

CodeHeap 'non-profiled nmethods': size=120000Kb used=2505Kb max_used=3240Kb free=117494Kb
 bounds [0x00000211dd7f0000, 0x00000211ddb20000, 0x00000211e4d20000]
CodeHeap 'profiled nmethods': size=120000Kb used=9650Kb max_used=10742Kb free=110350Kb
 bounds [0x00000211d5d20000, 0x00000211d67a0000, 0x00000211dd250000]
CodeHeap 'non-nmethods': size=5760Kb used=1628Kb max_used=1683Kb free=4131Kb
 bounds [0x00000211dd250000, 0x00000211dd4c0000, 0x00000211dd7f0000]
 total_blobs=6043 nmethods=5340 adapters=615
 compilation: enabled
              stopped_count=0, restarted_count=0
 full_count=0

Compilation events (20 events):
Event: 70.007 Thread 0x00000211f106caf0 6061       3       java.util.function.Predicate::lambda$or$2 (26 bytes)
Event: 70.007 Thread 0x00000211f106caf0 nmethod 6061 0x00000211d5f99090 code [0x00000211d5f99240, 0x00000211d5f99578]
Event: 70.007 Thread 0x00000211f106caf0 6062       3       java.io.DataOutputStream::<init> (19 bytes)
Event: 70.007 Thread 0x00000211f106caf0 nmethod 6062 0x00000211d5f98890 code [0x00000211d5f98a60, 0x00000211d5f98f18]
Event: 70.027 Thread 0x00000211f106caf0 6063       3       sun.nio.fs.WindowsFileAttributes::isSymbolicLink (15 bytes)
Event: 70.027 Thread 0x00000211f106caf0 nmethod 6063 0x00000211d6513910 code [0x00000211d6513aa0, 0x00000211d6513c18]
Event: 70.069 Thread 0x00000211f106caf0 6064       3       org.gradle.internal.snapshot.impl.DirectorySnapshotter$PathVisitor::intern (14 bytes)
Event: 70.069 Thread 0x00000211f106caf0 nmethod 6064 0x00000211d60db990 code [0x00000211d60dbb40, 0x00000211d60dbde8]
Event: 70.187 Thread 0x00000211f106caf0 6065       3       org.gradle.internal.snapshot.PathUtil::compareCharsIgnoringCase (46 bytes)
Event: 70.187 Thread 0x00000211f106caf0 nmethod 6065 0x00000211d60db190 code [0x00000211d60db360, 0x00000211d60db8a8]
Event: 70.187 Thread 0x00000211f106caf0 6067       3       sun.nio.fs.WindowsPath::checkRead (17 bytes)
Event: 70.187 Thread 0x00000211f106caf0 nmethod 6067 0x00000211d62a7290 code [0x00000211d62a7440, 0x00000211d62a77c8]
Event: 70.187 Thread 0x00000211f106caf0 6066       3       org.gradle.internal.snapshot.SingletonChildMap::withNode (11 bytes)
Event: 70.188 Thread 0x00000211f106caf0 nmethod 6066 0x00000211d5d43890 code [0x00000211d5d43ae0, 0x00000211d5d444f8]
Event: 70.188 Thread 0x00000211f106caf0 6068   !   3       com.google.common.cache.LocalCache$Segment::put (439 bytes)
Event: 70.194 Thread 0x00000211f106caf0 nmethod 6068 0x00000211d5df3190 code [0x00000211d5df3a40, 0x00000211d5df8b48]
Event: 70.194 Thread 0x00000211f106caf0 6069       3       java.io.DataOutputStream::writeByte (14 bytes)
Event: 70.194 Thread 0x00000211f106caf0 nmethod 6069 0x00000211d60dac10 code [0x00000211d60dadc0, 0x00000211d60db048]
Event: 70.194 Thread 0x00000211f106caf0 6070       3       com.google.common.collect.MapMakerInternalMap$WeakKeyDummyValueEntry$Helper::newEntry (39 bytes)
Event: 70.194 Thread 0x00000211f106caf0 nmethod 6070 0x00000211d62a6990 code [0x00000211d62a6b80, 0x00000211d62a7018]

GC Heap History (20 events):
Event: 30.741 GC heap before
{Heap before GC invocations=4 (full 0):
 garbage-first heap   total 71680K, used 52495K [0x0000000080000000, 0x0000000100000000)
  region size 1024K, 42 young (43008K), 9 survivors (9216K)
 Metaspace       used 26367K, committed 26624K, reserved 1114112K
  class space    used 3364K, committed 3456K, reserved 1048576K
}
Event: 30.747 GC heap after
{Heap after GC invocations=5 (full 0):
 garbage-first heap   total 71680K, used 20688K [0x0000000080000000, 0x0000000100000000)
  region size 1024K, 2 young (2048K), 2 survivors (2048K)
 Metaspace       used 26367K, committed 26624K, reserved 1114112K
  class space    used 3364K, committed 3456K, reserved 1048576K
}
Event: 30.812 GC heap before
{Heap before GC invocations=5 (full 0):
 garbage-first heap   total 71680K, used 21712K [0x0000000080000000, 0x0000000100000000)
  region size 1024K, 3 young (3072K), 2 survivors (2048K)
 Metaspace       used 26491K, committed 26752K, reserved 1114112K
  class space    used 3389K, committed 3520K, reserved 1048576K
}
Event: 30.814 GC heap after
{Heap after GC invocations=6 (full 0):
 garbage-first heap   total 71680K, used 20938K [0x0000000080000000, 0x0000000100000000)
  region size 1024K, 1 young (1024K), 1 survivors (1024K)
 Metaspace       used 26491K, committed 26752K, reserved 1114112K
  class space    used 3389K, committed 3520K, reserved 1048576K
}
Event: 46.933 GC heap before
{Heap before GC invocations=6 (full 0):
 garbage-first heap   total 71680K, used 50634K [0x0000000080000000, 0x0000000100000000)
  region size 1024K, 30 young (30720K), 1 survivors (1024K)
 Metaspace       used 30467K, committed 30784K, reserved 1114112K
  class space    used 4048K, committed 4224K, reserved 1048576K
}
Event: 46.938 GC heap after
{Heap after GC invocations=7 (full 0):
 garbage-first heap   total 71680K, used 22400K [0x0000000080000000, 0x0000000100000000)
  region size 1024K, 2 young (2048K), 2 survivors (2048K)
 Metaspace       used 30467K, committed 30784K, reserved 1114112K
  class space    used 4048K, committed 4224K, reserved 1048576K
}
Event: 53.135 GC heap before
{Heap before GC invocations=7 (full 0):
 garbage-first heap   total 71680K, used 53120K [0x0000000080000000, 0x0000000100000000)
  region size 1024K, 32 young (32768K), 2 survivors (2048K)
 Metaspace       used 34299K, committed 34688K, reserved 1114112K
  class space    used 4674K, committed 4864K, reserved 1048576K
}
Event: 53.140 GC heap after
{Heap after GC invocations=8 (full 0):
 garbage-first heap   total 71680K, used 23735K [0x0000000080000000, 0x0000000100000000)
  region size 1024K, 4 young (4096K), 4 survivors (4096K)
 Metaspace       used 34299K, committed 34688K, reserved 1114112K
  class space    used 4674K, committed 4864K, reserved 1048576K
}
Event: 53.530 GC heap before
{Heap before GC invocations=8 (full 0):
 garbage-first heap   total 71680K, used 31927K [0x0000000080000000, 0x0000000100000000)
  region size 1024K, 13 young (13312K), 4 survivors (4096K)
 Metaspace       used 35801K, committed 36096K, reserved 1114112K
  class space    used 4888K, committed 5056K, reserved 1048576K
}
Event: 53.532 GC heap after
{Heap after GC invocations=9 (full 0):
 garbage-first heap   total 71680K, used 24076K [0x0000000080000000, 0x0000000100000000)
  region size 1024K, 2 young (2048K), 2 survivors (2048K)
 Metaspace       used 35801K, committed 36096K, reserved 1114112K
  class space    used 4888K, committed 5056K, reserved 1048576K
}
Event: 54.541 GC heap before
{Heap before GC invocations=10 (full 0):
 garbage-first heap   total 71680K, used 54796K [0x0000000080000000, 0x0000000100000000)
  region size 1024K, 33 young (33792K), 2 survivors (2048K)
 Metaspace       used 41421K, committed 41728K, reserved 1114112K
  class space    used 5489K, committed 5632K, reserved 1048576K
}
Event: 54.545 GC heap after
{Heap after GC invocations=11 (full 0):
 garbage-first heap   total 71680K, used 28120K [0x0000000080000000, 0x0000000100000000)
  region size 1024K, 5 young (5120K), 5 survivors (5120K)
 Metaspace       used 41421K, committed 41728K, reserved 1114112K
  class space    used 5489K, committed 5632K, reserved 1048576K
}
Event: 54.727 GC heap before
{Heap before GC invocations=11 (full 0):
 garbage-first heap   total 71680K, used 54744K [0x0000000080000000, 0x0000000100000000)
  region size 1024K, 31 young (31744K), 5 survivors (5120K)
 Metaspace       used 42517K, committed 42944K, reserved 1114112K
  class space    used 5666K, committed 5888K, reserved 1048576K
}
Event: 54.731 GC heap after
{Heap after GC invocations=12 (full 0):
 garbage-first heap   total 71680K, used 29265K [0x0000000080000000, 0x0000000100000000)
  region size 1024K, 2 young (2048K), 2 survivors (2048K)
 Metaspace       used 42517K, committed 42944K, reserved 1114112K
  class space    used 5666K, committed 5888K, reserved 1048576K
}
Event: 55.806 GC heap before
{Heap before GC invocations=12 (full 0):
 garbage-first heap   total 71680K, used 54865K [0x0000000080000000, 0x0000000100000000)
  region size 1024K, 28 young (28672K), 2 survivors (2048K)
 Metaspace       used 45711K, committed 46144K, reserved 1114112K
  class space    used 6194K, committed 6400K, reserved 1048576K
}
Event: 55.810 GC heap after
{Heap after GC invocations=13 (full 0):
 garbage-first heap   total 94208K, used 30993K [0x0000000080000000, 0x0000000100000000)
  region size 1024K, 4 young (4096K), 4 survivors (4096K)
 Metaspace       used 45711K, committed 46144K, reserved 1114112K
  class space    used 6194K, committed 6400K, reserved 1048576K
}
Event: 56.863 GC heap before
{Heap before GC invocations=13 (full 0):
 garbage-first heap   total 94208K, used 72977K [0x0000000080000000, 0x0000000100000000)
  region size 1024K, 45 young (46080K), 4 survivors (4096K)
 Metaspace       used 51111K, committed 51520K, reserved 1114112K
  class space    used 7065K, committed 7232K, reserved 1048576K
}
Event: 56.866 GC heap after
{Heap after GC invocations=14 (full 0):
 garbage-first heap   total 94208K, used 33332K [0x0000000080000000, 0x0000000100000000)
  region size 1024K, 5 young (5120K), 5 survivors (5120K)
 Metaspace       used 51111K, committed 51520K, reserved 1114112K
  class space    used 7065K, committed 7232K, reserved 1048576K
}
Event: 67.480 GC heap before
{Heap before GC invocations=14 (full 0):
 garbage-first heap   total 94208K, used 74292K [0x0000000080000000, 0x0000000100000000)
  region size 1024K, 44 young (45056K), 5 survivors (5120K)
 Metaspace       used 55723K, committed 56192K, reserved 1114112K
  class space    used 7650K, committed 7872K, reserved 1048576K
}
Event: 67.487 GC heap after
{Heap after GC invocations=15 (full 0):
 garbage-first heap   total 94208K, used 36904K [0x0000000080000000, 0x0000000100000000)
  region size 1024K, 6 young (6144K), 6 survivors (6144K)
 Metaspace       used 55723K, committed 56192K, reserved 1114112K
  class space    used 7650K, committed 7872K, reserved 1048576K
}

Dll operation events (3 events):
Event: 0.638 Loaded shared library C:\Program Files\Android\Android Studio\jbr\bin\java.dll
Event: 1.018 Loaded shared library C:\Program Files\Android\Android Studio\jbr\bin\zip.dll
Event: 1.542 Loaded shared library C:\Program Files\Android\Android Studio\jbr\bin\verify.dll

Deoptimization events (20 events):
Event: 69.870 Thread 0x00000211f2d461e0 DEOPT PACKING pc=0x00000211ddaec34c sp=0x0000006b447fd120
Event: 69.870 Thread 0x00000211f2d461e0 DEOPT UNPACKING pc=0x00000211dd2a69a3 sp=0x0000006b447fd010 mode 2
Event: 69.876 Thread 0x00000211f2d46c00 DEOPT PACKING pc=0x00000211d61800d4 sp=0x0000006b44afdb30
Event: 69.876 Thread 0x00000211f2d46c00 DEOPT UNPACKING pc=0x00000211dd2a7143 sp=0x0000006b44afd088 mode 0
Event: 69.883 Thread 0x00000211f2d466f0 DEOPT PACKING pc=0x00000211d61800d4 sp=0x0000006b448fdd90
Event: 69.883 Thread 0x00000211f2d466f0 DEOPT UNPACKING pc=0x00000211dd2a7143 sp=0x0000006b448fd2e8 mode 0
Event: 69.888 Thread 0x00000211f2d461e0 DEOPT PACKING pc=0x00000211d61800d4 sp=0x0000006b447fd710
Event: 69.888 Thread 0x00000211f2d461e0 DEOPT UNPACKING pc=0x00000211dd2a7143 sp=0x0000006b447fcc68 mode 0
Event: 69.891 Thread 0x00000211f2ef3380 DEOPT PACKING pc=0x00000211d61800d4 sp=0x0000006b44dfcf40
Event: 69.892 Thread 0x00000211f2ef3380 DEOPT UNPACKING pc=0x00000211dd2a7143 sp=0x0000006b44dfc498 mode 0
Event: 69.904 Thread 0x00000211f2d48f70 DEOPT PACKING pc=0x00000211d61800d4 sp=0x0000006b40ffd9e0
Event: 69.904 Thread 0x00000211f2d48f70 DEOPT UNPACKING pc=0x00000211dd2a7143 sp=0x0000006b40ffcf38 mode 0
Event: 70.006 Thread 0x00000211f23d50a0 Uncommon trap: trap_request=0xffffff45 fr.pc=0x00000211dda146b4 relative=0x00000000000002f4
Event: 70.006 Thread 0x00000211f23d50a0 Uncommon trap: reason=unstable_if action=reinterpret pc=0x00000211dda146b4 method=org.gradle.internal.snapshot.PathUtil.equalChars(CCLorg/gradle/internal/snapshot/CaseSensitivity;)Z @ 11 c2
Event: 70.006 Thread 0x00000211f23d50a0 DEOPT PACKING pc=0x00000211dda146b4 sp=0x0000006b42ff6010
Event: 70.006 Thread 0x00000211f23d50a0 DEOPT UNPACKING pc=0x00000211dd2a69a3 sp=0x0000006b42ff5fc0 mode 2
Event: 70.006 Thread 0x00000211f23d50a0 Uncommon trap: trap_request=0xffffff45 fr.pc=0x00000211ddabacd8 relative=0x0000000000000318
Event: 70.006 Thread 0x00000211f23d50a0 Uncommon trap: reason=unstable_if action=reinterpret pc=0x00000211ddabacd8 method=org.gradle.internal.snapshot.PathUtil.compareCharsIgnoringCase(CC)I @ 11 c2
Event: 70.006 Thread 0x00000211f23d50a0 DEOPT PACKING pc=0x00000211ddabacd8 sp=0x0000006b42ff5d90
Event: 70.006 Thread 0x00000211f23d50a0 DEOPT UNPACKING pc=0x00000211dd2a69a3 sp=0x0000006b42ff5d30 mode 2

Classes unloaded (0 events):
No events

Classes redefined (0 events):
No events

Internal exceptions (20 events):
Event: 57.076 Thread 0x00000211f23d50a0 Exception <a 'java/lang/NoSuchMethodError'{0x0000000084ebacd8}: 'java.lang.Object java.lang.invoke.DelegatingMethodHandle$Holder.reinvoke_L(java.lang.Object, java.lang.Object, java.lang.Object, java.lang.Object, java.lang.Object, java.lang.Object, java.lang.Object, java.lang.Object, java.lang.Object, java.lang.Object, java.lang.Object, java.lang.Object, java.lang.Object, java.lang.Object, java.lang.Object, java.lang.Object, java.lang.Object, java.lang.Object, java.lang.Object, java.lang.Object, java.lang.O
Event: 57.077 Thread 0x00000211f23d50a0 Exception <a 'java/lang/NoSuchMethodError'{0x0000000084ec6720}: 'java.lang.Object java.lang.invoke.Invokers$Holder.invoker(java.lang.Object, java.lang.Object, java.lang.Object, java.lang.Object, java.lang.Object, java.lang.Object, java.lang.Object, java.lang.Object, java.lang.Object, java.lang.Object, java.lang.Object, java.lang.Object, java.lang.Object, java.lang.Object, java.lang.Object, java.lang.Object, java.lang.Object, java.lang.Object, java.lang.Object, java.lang.Object, java.lang.Object, java.lang.
Event: 57.077 Thread 0x00000211f23d50a0 Exception <a 'java/lang/NoSuchMethodError'{0x0000000084ecd320}: 'java.lang.Object java.lang.invoke.DelegatingMethodHandle$Holder.delegate(java.lang.Object, java.lang.Object, java.lang.Object, java.lang.Object, java.lang.Object, java.lang.Object, java.lang.Object, java.lang.Object, java.lang.Object, java.lang.Object, java.lang.Object, java.lang.Object, java.lang.Object, java.lang.Object, java.lang.Object, java.lang.Object, java.lang.Object, java.lang.Object, java.lang.Object, java.lang.Object, java.lang.Obj
Event: 57.081 Thread 0x00000211f23d50a0 Exception <a 'java/lang/NoSuchMethodError'{0x0000000084db41d0}: 'java.lang.Object java.lang.invoke.DirectMethodHandle$Holder.invokeStatic(java.lang.Object, java.lang.Object, java.lang.Object, java.lang.Object, java.lang.Object, java.lang.Object, java.lang.Object, java.lang.Object, java.lang.Object, java.lang.Object, java.lang.Object, java.lang.Object, java.lang.Object, java.lang.Object, java.lang.Object, java.lang.Object, java.lang.Object, java.lang.Object, java.lang.Object, java.lang.Object, java.lang.Obj
Event: 60.052 Thread 0x00000211f23d50a0 Exception <a 'java/lang/NoSuchMethodError'{0x00000000848f0338}: static Lorg/gradle/api/internal/catalog/DefaultVersionCatalog;.<clinit>()V> (0x00000000848f0338) 
thrown [s\src\hotspot\share\prims\jni.cpp, line 1127]
Event: 60.054 Thread 0x00000211f23d50a0 Exception <a 'java/lang/NoSuchMethodError'{0x0000000084740f60}: static [Ljava/lang/Object;.<clinit>()V> (0x0000000084740f60) 
thrown [s\src\hotspot\share\prims\jni.cpp, line 1127]
Event: 60.055 Thread 0x00000211f23d50a0 Exception <a 'java/lang/NoSuchMethodError'{0x0000000084766410}: static Lorg/gradle/api/internal/catalog/DependencyModel;.<clinit>()V> (0x0000000084766410) 
thrown [s\src\hotspot\share\prims\jni.cpp, line 1127]
Event: 60.055 Thread 0x00000211f23d50a0 Exception <a 'java/lang/NoSuchMethodError'{0x0000000084769b60}: static Lorg/gradle/api/internal/catalog/AbstractContextAwareModel;.<clinit>()V> (0x0000000084769b60) 
thrown [s\src\hotspot\share\prims\jni.cpp, line 1127]
Event: 60.056 Thread 0x00000211f23d50a0 Exception <a 'java/lang/NoSuchMethodError'{0x0000000084783450}: static Lorg/gradle/api/internal/artifacts/dependencies/AbstractVersionConstraint;.<clinit>()V> (0x0000000084783450) 
thrown [s\src\hotspot\share\prims\jni.cpp, line 1127]
Event: 60.058 Thread 0x00000211f23d50a0 Exception <a 'java/lang/NoSuchMethodError'{0x00000000847df0a8}: static Lorg/gradle/api/internal/catalog/PluginModel;.<clinit>()V> (0x00000000847df0a8) 
thrown [s\src\hotspot\share\prims\jni.cpp, line 1127]
Event: 60.059 Thread 0x00000211f23d50a0 Exception <a 'java/lang/NoSuchMethodError'{0x00000000847f41b0}: static Lorg/gradle/api/internal/catalog/VersionModel;.<clinit>()V> (0x00000000847f41b0) 
thrown [s\src\hotspot\share\prims\jni.cpp, line 1127]
Event: 60.060 Thread 0x00000211f23d50a0 Exception <a 'java/lang/NoSuchMethodError'{0x0000000084618fd0}: 'void java.lang.invoke.DirectMethodHandle$Holder.invokeSpecial(java.lang.Object, java.lang.Object, java.lang.Object, int)'> (0x0000000084618fd0) 
thrown [s\src\hotspot\share\interpreter\linkResolver.cpp, line 771]
Event: 60.442 Thread 0x00000211f23d50a0 Exception <a 'java/lang/NoSuchMethodError'{0x00000000843f5808}: 'int java.lang.invoke.DirectMethodHandle$Holder.invokeSpecialIFC(java.lang.Object, java.lang.Object, java.lang.Object)'> (0x00000000843f5808) 
thrown [s\src\hotspot\share\interpreter\linkResolver.cpp, line 771]
Event: 60.548 Thread 0x00000211f23d50a0 Exception <a 'java/lang/NoSuchMethodError'{0x0000000083fa1670}: 'java.lang.Object java.lang.invoke.DirectMethodHandle$Holder.newInvokeSpecial(java.lang.Object, java.lang.Object, java.lang.Object, java.lang.Object, java.lang.Object, int)'> (0x0000000083fa1670) 
thrown [s\src\hotspot\share\interpreter\linkResolver.cpp, line 771]
Event: 60.548 Thread 0x00000211f23d50a0 Exception <a 'java/lang/NoSuchMethodError'{0x0000000083fa6ac8}: 'java.lang.Object java.lang.invoke.DirectMethodHandle$Holder.invokeSpecial(java.lang.Object, java.lang.Object, java.lang.Object, java.lang.Object, java.lang.Object, java.lang.Object, int)'> (0x0000000083fa6ac8) 
thrown [s\src\hotspot\share\interpreter\linkResolver.cpp, line 771]
Event: 60.548 Thread 0x00000211f23d50a0 Exception <a 'java/lang/NoSuchMethodError'{0x0000000083fab8a8}: 'java.lang.Object java.lang.invoke.Invokers$Holder.linkToTargetMethod(java.lang.Object, java.lang.Object, java.lang.Object, java.lang.Object, int, java.lang.Object)'> (0x0000000083fab8a8) 
thrown [s\src\hotspot\share\interpreter\linkResolver.cpp, line 771]
Event: 60.551 Thread 0x00000211f23d50a0 Exception <a 'java/lang/NoSuchMethodError'{0x0000000083fde588}: 'java.lang.Object java.lang.invoke.DirectMethodHandle$Holder.invokeSpecial(java.lang.Object, java.lang.Object, java.lang.Object, java.lang.Object, java.lang.Object, long)'> (0x0000000083fde588) 
thrown [s\src\hotspot\share\interpreter\linkResolver.cpp, line 771]
Event: 60.552 Thread 0x00000211f23d50a0 Exception <a 'java/lang/NoSuchMethodError'{0x0000000083e02120}: 'void java.lang.invoke.DirectMethodHandle$Holder.invokeStatic(java.lang.Object, java.lang.Object, java.lang.Object, int, java.lang.Object)'> (0x0000000083e02120) 
thrown [s\src\hotspot\share\interpreter\linkResolver.cpp, line 771]
Event: 69.926 Thread 0x00000211f23d50a0 Exception <a 'java/lang/NoSuchMethodError'{0x00000000851d5020}: 'java.lang.Object java.lang.invoke.DirectMethodHandle$Holder.newInvokeSpecial(java.lang.Object, java.lang.Object, java.lang.Object, java.lang.Object, int, java.lang.Object)'> (0x00000000851d5020) 
thrown [s\src\hotspot\share\interpreter\linkResolver.cpp, line 771]
Event: 69.926 Thread 0x00000211f23d50a0 Exception <a 'java/lang/NoSuchMethodError'{0x00000000851da378}: 'java.lang.Object java.lang.invoke.Invokers$Holder.linkToTargetMethod(java.lang.Object, java.lang.Object, java.lang.Object, int, java.lang.Object, java.lang.Object)'> (0x00000000851da378) 
thrown [s\src\hotspot\share\interpreter\linkResolver.cpp, line 771]

VM Operations (20 events):
Event: 64.836 Executing VM operation: Cleanup
Event: 64.836 Executing VM operation: Cleanup done
Event: 65.836 Executing VM operation: Cleanup
Event: 65.837 Executing VM operation: Cleanup done
Event: 66.613 Executing VM operation: HandshakeAllThreads
Event: 66.613 Executing VM operation: HandshakeAllThreads done
Event: 67.117 Executing VM operation: HandshakeAllThreads
Event: 67.117 Executing VM operation: HandshakeAllThreads done
Event: 67.117 Executing VM operation: Cleanup
Event: 67.117 Executing VM operation: Cleanup done
Event: 67.128 Executing VM operation: HandshakeAllThreads
Event: 67.128 Executing VM operation: HandshakeAllThreads done
Event: 67.480 Executing VM operation: G1CollectForAllocation
Event: 67.487 Executing VM operation: G1CollectForAllocation done
Event: 68.931 Executing VM operation: HandshakeAllThreads
Event: 68.931 Executing VM operation: HandshakeAllThreads done
Event: 68.931 Executing VM operation: Cleanup
Event: 68.931 Executing VM operation: Cleanup done
Event: 69.923 Executing VM operation: ICBufferFull
Event: 69.923 Executing VM operation: ICBufferFull done

Events (20 events):
Event: 67.132 Thread 0x00000211f106d800 flushing nmethod 0x00000211d66e1010
Event: 67.132 Thread 0x00000211f106d800 flushing nmethod 0x00000211d66f1590
Event: 69.836 loading class java/util/LinkedList$LLSpliterator
Event: 69.836 loading class java/util/LinkedList$LLSpliterator done
Event: 69.857 Thread 0x00000211f2d48f70 Thread added: 0x00000211f2d48f70
Event: 69.857 Thread 0x00000211f2d49480 Thread added: 0x00000211f2d49480
Event: 69.857 Thread 0x00000211f2d45cd0 Thread added: 0x00000211f2d45cd0
Event: 69.857 Thread 0x00000211f2d461e0 Thread added: 0x00000211f2d461e0
Event: 69.858 Thread 0x00000211f2d466f0 Thread added: 0x00000211f2d466f0
Event: 69.858 Thread 0x00000211f2d47110 Thread added: 0x00000211f2d47110
Event: 69.858 Thread 0x00000211f2d46c00 Thread added: 0x00000211f2d46c00
Event: 69.858 Thread 0x00000211f2d47b30 Thread added: 0x00000211f2d47b30
Event: 69.858 Thread 0x00000211f2eefbd0 Thread added: 0x00000211f2eefbd0
Event: 69.858 Thread 0x00000211f2ef3380 Thread added: 0x00000211f2ef3380
Event: 69.858 Thread 0x00000211f2ef3890 Thread added: 0x00000211f2ef3890
Event: 70.005 Thread 0x00000211f2ef3da0 Thread added: 0x00000211f2ef3da0
Event: 70.006 Thread 0x00000211f2eef1b0 Thread added: 0x00000211f2eef1b0
Event: 70.067 Thread 0x00000211f2ef05f0 Thread added: 0x00000211f2ef05f0
Event: 70.179 Thread 0x00000211f2ef51e0 Thread added: 0x00000211f2ef51e0
Event: 70.187 Thread 0x00000211f2ef2960 Thread added: 0x00000211f2ef2960


Dynamic libraries:
0x00007ff66ee50000 - 0x00007ff66ee5a000 	C:\Program Files\Android\Android Studio\jbr\bin\java.exe
0x00007fff2ced0000 - 0x00007fff2d0c8000 	C:\WINDOWS\SYSTEM32\ntdll.dll
0x00007fff2ca60000 - 0x00007fff2cb21000 	C:\WINDOWS\System32\KERNEL32.DLL
0x00007fff2ac00000 - 0x00007fff2aef6000 	C:\WINDOWS\System32\KERNELBASE.dll
0x00007fff2a790000 - 0x00007fff2a890000 	C:\WINDOWS\System32\ucrtbase.dll
0x00007fff05af0000 - 0x00007fff05b07000 	C:\Program Files\Android\Android Studio\jbr\bin\jli.dll
0x00007fff22f20000 - 0x00007fff22f3b000 	C:\Program Files\Android\Android Studio\jbr\bin\VCRUNTIME140.dll
0x00007fff2b620000 - 0x00007fff2b7bf000 	C:\WINDOWS\System32\USER32.dll
0x00007fff2abd0000 - 0x00007fff2abf2000 	C:\WINDOWS\System32\win32u.dll
0x00007fff13de0000 - 0x00007fff1407a000 	C:\WINDOWS\WinSxS\amd64_microsoft.windows.common-controls_6595b64144ccf1df_6.0.19041.4355_none_60b8b9eb71f62e16\COMCTL32.dll
0x00007fff2b5f0000 - 0x00007fff2b61b000 	C:\WINDOWS\System32\GDI32.dll
0x00007fff2a930000 - 0x00007fff2aa47000 	C:\WINDOWS\System32\gdi32full.dll
0x00007fff2a890000 - 0x00007fff2a92d000 	C:\WINDOWS\System32\msvcp_win.dll
0x00007fff2b7c0000 - 0x00007fff2b85e000 	C:\WINDOWS\System32\msvcrt.dll
0x00007fff2b380000 - 0x00007fff2b3af000 	C:\WINDOWS\System32\IMM32.DLL
0x00007fff25070000 - 0x00007fff2507c000 	C:\Program Files\Android\Android Studio\jbr\bin\vcruntime140_1.dll
0x00007fff1f840000 - 0x00007fff1f8cd000 	C:\Program Files\Android\Android Studio\jbr\bin\msvcp140.dll
0x00007ffe9f4f0000 - 0x00007ffea0173000 	C:\Program Files\Android\Android Studio\jbr\bin\server\jvm.dll
0x00007fff2ba80000 - 0x00007fff2bb30000 	C:\WINDOWS\System32\ADVAPI32.dll
0x00007fff2bba0000 - 0x00007fff2bc40000 	C:\WINDOWS\System32\sechost.dll
0x00007fff2b3b0000 - 0x00007fff2b4d3000 	C:\WINDOWS\System32\RPCRT4.dll
0x00007fff2ab10000 - 0x00007fff2ab37000 	C:\WINDOWS\System32\bcrypt.dll
0x00007fff2a3d0000 - 0x00007fff2a41b000 	C:\WINDOWS\SYSTEM32\POWRPROF.dll
0x00007fff23140000 - 0x00007fff23149000 	C:\WINDOWS\SYSTEM32\WSOCK32.dll
0x00007fff13c50000 - 0x00007fff13c77000 	C:\WINDOWS\SYSTEM32\WINMM.dll
0x00007fff22130000 - 0x00007fff2213a000 	C:\WINDOWS\SYSTEM32\VERSION.dll
0x00007fff2b990000 - 0x00007fff2b9fb000 	C:\WINDOWS\System32\WS2_32.dll
0x00007fff2a3b0000 - 0x00007fff2a3c2000 	C:\WINDOWS\SYSTEM32\UMPDC.dll
0x00007fff28de0000 - 0x00007fff28df2000 	C:\WINDOWS\SYSTEM32\kernel.appcore.dll
0x00007fff22f40000 - 0x00007fff22f4a000 	C:\Program Files\Android\Android Studio\jbr\bin\jimage.dll
0x00007fff283d0000 - 0x00007fff285b4000 	C:\WINDOWS\SYSTEM32\DBGHELP.DLL
0x00007fff21c10000 - 0x00007fff21c44000 	C:\WINDOWS\SYSTEM32\dbgcore.DLL
0x00007fff2ab40000 - 0x00007fff2abc2000 	C:\WINDOWS\System32\bcryptPrimitives.dll
0x00007fff231d0000 - 0x00007fff231de000 	C:\Program Files\Android\Android Studio\jbr\bin\instrument.dll
0x00007fff068d0000 - 0x00007fff068f5000 	C:\Program Files\Android\Android Studio\jbr\bin\java.dll
0x00007fff060d0000 - 0x00007fff060e8000 	C:\Program Files\Android\Android Studio\jbr\bin\zip.dll
0x00007fff2bd10000 - 0x00007fff2c47c000 	C:\WINDOWS\System32\SHELL32.dll
0x00007fff285c0000 - 0x00007fff28d5e000 	C:\WINDOWS\SYSTEM32\windows.storage.dll
0x00007fff2cb30000 - 0x00007fff2ce83000 	C:\WINDOWS\System32\combase.dll
0x00007fff29ed0000 - 0x00007fff29efe000 	C:\WINDOWS\SYSTEM32\Wldp.dll
0x00007fff2c7e0000 - 0x00007fff2c8ad000 	C:\WINDOWS\System32\OLEAUT32.dll
0x00007fff2c730000 - 0x00007fff2c7dd000 	C:\WINDOWS\System32\SHCORE.dll
0x00007fff2b590000 - 0x00007fff2b5e5000 	C:\WINDOWS\System32\shlwapi.dll
0x00007fff2a4b0000 - 0x00007fff2a4d4000 	C:\WINDOWS\SYSTEM32\profapi.dll
0x00007fff060b0000 - 0x00007fff060c9000 	C:\Program Files\Android\Android Studio\jbr\bin\net.dll
0x00007fff23ae0000 - 0x00007fff23bea000 	C:\WINDOWS\SYSTEM32\WINHTTP.dll
0x00007fff29c30000 - 0x00007fff29c9a000 	C:\WINDOWS\system32\mswsock.dll
0x00007fff06090000 - 0x00007fff060a6000 	C:\Program Files\Android\Android Studio\jbr\bin\nio.dll
0x00007fff12070000 - 0x00007fff12080000 	C:\Program Files\Android\Android Studio\jbr\bin\verify.dll
0x00007fff224b0000 - 0x00007fff224d7000 	C:\Users\Dani-PC\.gradle\native\c067742578af261105cb4f569cf0c3c89f3d7b1fecec35dd04571415982c5e48\windows-amd64\native-platform.dll
0x00007ffee3410000 - 0x00007ffee3554000 	C:\Users\Dani-PC\.gradle\native\38dada09dfb8b06ba9b0570ebf7e218e3eb74d4ef43ca46872605cf95ebc2f47\windows-amd64\native-platform-file-events.dll
0x00007fff12df0000 - 0x00007fff12df9000 	C:\Program Files\Android\Android Studio\jbr\bin\management.dll
0x00007fff12b30000 - 0x00007fff12b3b000 	C:\Program Files\Android\Android Studio\jbr\bin\management_ext.dll
0x00007fff2bc40000 - 0x00007fff2bc48000 	C:\WINDOWS\System32\PSAPI.DLL
0x00007fff29e30000 - 0x00007fff29e48000 	C:\WINDOWS\SYSTEM32\CRYPTSP.dll
0x00007fff29550000 - 0x00007fff29584000 	C:\WINDOWS\system32\rsaenh.dll
0x00007fff2a420000 - 0x00007fff2a44e000 	C:\WINDOWS\SYSTEM32\USERENV.dll
0x00007fff29e20000 - 0x00007fff29e2c000 	C:\WINDOWS\SYSTEM32\CRYPTBASE.dll
0x00007fff29910000 - 0x00007fff2994b000 	C:\WINDOWS\SYSTEM32\IPHLPAPI.DLL
0x00007fff2b370000 - 0x00007fff2b378000 	C:\WINDOWS\System32\NSI.dll
0x00007fff244c0000 - 0x00007fff244d7000 	C:\WINDOWS\SYSTEM32\dhcpcsvc6.DLL
0x00007fff24430000 - 0x00007fff2444d000 	C:\WINDOWS\SYSTEM32\dhcpcsvc.DLL
0x00007fff29950000 - 0x00007fff29a1a000 	C:\WINDOWS\SYSTEM32\DNSAPI.dll
0x00007fff138f0000 - 0x00007fff138f9000 	C:\Program Files\Android\Android Studio\jbr\bin\extnet.dll
0x00007fff249a0000 - 0x00007fff249a7000 	C:\WINDOWS\system32\wshunix.dll

dbghelp: loaded successfully - version: 4.0.5 - missing functions: none
symbol engine: initialized successfully - sym options: 0x614 - pdb path: .;C:\Program Files\Android\Android Studio\jbr\bin;C:\WINDOWS\SYSTEM32;C:\WINDOWS\WinSxS\amd64_microsoft.windows.common-controls_6595b64144ccf1df_6.0.19041.4355_none_60b8b9eb71f62e16;C:\Program Files\Android\Android Studio\jbr\bin\server;C:\Users\Dani-PC\.gradle\native\c067742578af261105cb4f569cf0c3c89f3d7b1fecec35dd04571415982c5e48\windows-amd64;C:\Users\Dani-PC\.gradle\native\38dada09dfb8b06ba9b0570ebf7e218e3eb74d4ef43ca46872605cf95ebc2f47\windows-amd64

VM Arguments:
jvm_args: --add-opens=java.base/java.util=ALL-UNNAMED --add-opens=java.base/java.lang=ALL-UNNAMED --add-opens=java.base/java.lang.invoke=ALL-UNNAMED --add-opens=java.prefs/java.util.prefs=ALL-UNNAMED --add-opens=java.base/java.nio.charset=ALL-UNNAMED --add-opens=java.base/java.net=ALL-UNNAMED --add-opens=java.base/java.util.concurrent.atomic=ALL-UNNAMED -Xmx2048m -Dfile.encoding=UTF-8 -Duser.country=ES -Duser.language=es -Duser.variant -javaagent:C:\Users\Dani-PC\.gradle\wrapper\dists\gradle-8.7-bin\bhs2wmbdwecv87pi65oeuq5iu\gradle-8.7\lib\agents\gradle-instrumentation-agent-8.7.jar 
java_command: org.gradle.launcher.daemon.bootstrap.GradleDaemon 8.7
java_class_path (initial): C:\Users\Dani-PC\.gradle\wrapper\dists\gradle-8.7-bin\bhs2wmbdwecv87pi65oeuq5iu\gradle-8.7\lib\gradle-launcher-8.7.jar
Launcher Type: SUN_STANDARD

[Global flags]
     intx CICompilerCount                          = 4                                         {product} {ergonomic}
     uint ConcGCThreads                            = 3                                         {product} {ergonomic}
     uint G1ConcRefinementThreads                  = 10                                        {product} {ergonomic}
   size_t G1HeapRegionSize                         = 1048576                                   {product} {ergonomic}
    uintx GCDrainStackTargetSize                   = 64                                        {product} {ergonomic}
   size_t InitialHeapSize                          = 201326592                                 {product} {ergonomic}
   size_t MarkStackSize                            = 4194304                                   {product} {ergonomic}
   size_t MaxHeapSize                              = 2147483648                                {product} {command line}
   size_t MaxNewSize                               = 1287651328                                {product} {ergonomic}
   size_t MinHeapDeltaBytes                        = 1048576                                   {product} {ergonomic}
   size_t MinHeapSize                              = 8388608                                   {product} {ergonomic}
    uintx NonNMethodCodeHeapSize                   = 5839372                                {pd product} {ergonomic}
    uintx NonProfiledCodeHeapSize                  = 122909434                              {pd product} {ergonomic}
    uintx ProfiledCodeHeapSize                     = 122909434                              {pd product} {ergonomic}
    uintx ReservedCodeCacheSize                    = 251658240                              {pd product} {ergonomic}
     bool SegmentedCodeCache                       = true                                      {product} {ergonomic}
   size_t SoftMaxHeapSize                          = 2147483648                             {manageable} {ergonomic}
     bool UseCompressedClassPointers               = true                           {product lp64_product} {ergonomic}
     bool UseCompressedOops                        = true                           {product lp64_product} {ergonomic}
     bool UseG1GC                                  = true                                      {product} {ergonomic}
     bool UseLargePagesIndividualAllocation        = false                                  {pd product} {ergonomic}

Logging:
Log output configuration:
 #0: stdout all=warning uptime,level,tags
 #1: stderr all=off uptime,level,tags

Environment Variables:
PATH=C:\Program Files\Eclipse Adoptium\jdk-21.0.4.7-hotspot\bin;C:\Program Files\Microsoft MPI\Bin\;C:\ProgramData\Oracle\Java\javapath;C:\Windows\System32;C:\Windows;C:\Windows\System32\wbem;C:\Windows\System32\WindowsPowerShell\v1.0\;C:\Windows\System32\OpenSSH\;C:\Program Files (x86)\NVIDIA Corporation\PhysX\Common;C:\Program Files (x86)\PDFtk\bin\;C:\Windows\System32;C:\Windows;C:\Windows\System32\wbem;C:\Windows\System32\WindowsPowerShell\v1.0\;C:\Windows\System32\OpenSSH\;C:\Xampp\php;C:\Program Files (x86)\Microsoft SQL Server\160\Tools\Binn\;C:\Program Files\Microsoft SQL Server\160\Tools\Binn\;C:\Program Files\Microsoft SQL Server\Client SDK\ODBC\170\Tools\Binn\;C:\Program Files\Microsoft SQL Server\160\DTS\Binn\;C:\Program Files (x86)\Microsoft SQL Server\160\DTS\Binn\;C:\ProgramData\chocolatey\bin;C:\ProgramData\chocolatey\lib\maven\apache-maven-3.9.9\bin;C:\Program Files\Git\cmd;C:\Users\Dani-PC\AppData\Local\Microsoft\WindowsApps;C:\Users\Dani-PC\AppData\Local\Programs\Microsoft VS Code\bin;C:\Program Files\JetBrains\IntelliJ IDEA 2024.1.2\bin;;C:\Users\Dani-PC\AppData\Local\GitHubDesktop\bin;C:\Users\Dani-PC\AppData\Local\Android\Sdk\platform-tools\;
USERNAME=Dani-PC
OS=Windows_NT
PROCESSOR_IDENTIFIER=Intel64 Family 6 Model 158 Stepping 10, GenuineIntel
TMP=C:\Users\Dani-PC\AppData\Local\Temp
TEMP=C:\Users\Dani-PC\AppData\Local\Temp



Periodic native trim disabled

JNI global refs:
JNI global refs: 26, weak refs: 6

JNI global refs memory usage: 843, weak refs: 841

Process memory usage:
Resident Set Size: 251436K (2% of 12468468K total physical memory with 278892K free physical memory)

OOME stack traces (most recent first):
Classloader memory used:
Loader org.gradle.internal.classloader.VisitableURLClassLoader                         : 3393K
Loader bootstrap                                                                       : 2438K
Loader org.gradle.initialization.MixInLegacyTypesClassLoader                           : 1100K
Loader jdk.internal.loader.ClassLoaders$PlatformClassLoader                            : 67473B
Loader jdk.internal.loader.ClassLoaders$AppClassLoader                                 : 28714B
Loader jdk.internal.reflect.DelegatingClassLoader                                      : 15391B
Loader org.gradle.internal.classloader.VisitableURLClassLoader                         : 14039B

Classes loaded by more than one classloader:
Class Program                                                                         : loaded 3 times (x 70B)
Class org.gradle.internal.classpath.ClassPath                                         : loaded 2 times (x 68B)
Class org.gradle.api.internal.classpath.DefaultModuleRegistry                         : loaded 2 times (x 84B)
Class Settings_gradle$1$1                                                             : loaded 2 times (x 72B)
Class org.gradle.api.Action                                                           : loaded 2 times (x 68B)
Class org.gradle.api.internal.DefaultClassPathProvider                                : loaded 2 times (x 74B)
Class org.gradle.internal.installation.GradleInstallation$1                           : loaded 2 times (x 73B)
Class org.gradle.internal.classloader.FilteringClassLoader                            : loaded 2 times (x 103B)
Class org.gradle.internal.classpath.DefaultClassPath$ImmutableUniqueList$Builder      : loaded 2 times (x 73B)
Class org.gradle.internal.classloader.ClassLoaderVisitor                              : loaded 2 times (x 74B)
Class org.gradle.internal.service.DefaultServiceLocator                               : loaded 2 times (x 81B)
Class org.gradle.internal.service.UnknownServiceException                             : loaded 2 times (x 81B)
Class org.gradle.internal.classloader.DefaultClassLoaderFactory                       : loaded 2 times (x 80B)
Class org.gradle.internal.classloader.VisitableURLClassLoader$Spec                    : loaded 2 times (x 72B)
Class org.gradle.api.GradleException                                                  : loaded 2 times (x 80B)
Class org.gradle.api.internal.classpath.ModuleRegistry                                : loaded 2 times (x 68B)
Class org.gradle.api.internal.ClassPathProvider                                       : loaded 2 times (x 68B)
Class org.gradle.internal.classloader.ClasspathUtil$1                                 : loaded 2 times (x 74B)
Class org.gradle.internal.classloader.ClassLoaderFactory                              : loaded 2 times (x 68B)
Class org.gradle.api.internal.classpath.ManifestUtil                                  : loaded 2 times (x 69B)
Class org.gradle.api.specs.Spec                                                       : loaded 2 times (x 68B)
Class org.gradle.internal.IoActions                                                   : loaded 2 times (x 69B)
Class org.gradle.api.internal.classpath.EffectiveClassPath                            : loaded 2 times (x 88B)
Class org.gradle.internal.installation.CurrentGradleInstallation                      : loaded 2 times (x 71B)
Class org.gradle.internal.agents.InstrumentingClassLoader                             : loaded 2 times (x 68B)
Class org.gradle.internal.installation.CurrentGradleInstallationLocator               : loaded 2 times (x 69B)
Class org.gradle.api.internal.classpath.Module                                        : loaded 2 times (x 68B)
Class org.gradle.internal.service.CachingServiceLocator                               : loaded 2 times (x 80B)
Class org.gradle.internal.classpath.DefaultClassPath                                  : loaded 2 times (x 88B)
Class org.gradle.internal.classloader.SystemClassLoaderSpec                           : loaded 2 times (x 69B)
Class org.gradle.api.UncheckedIOException                                             : loaded 2 times (x 80B)
Class org.gradle.internal.installation.GradleInstallation                             : loaded 2 times (x 73B)
Class org.gradle.internal.classloader.ClasspathUtil                                   : loaded 2 times (x 69B)
Class org.gradle.api.internal.DefaultClassPathRegistry                                : loaded 2 times (x 74B)
Class org.gradle.api.internal.classpath.DefaultModuleRegistry$DefaultModule           : loaded 2 times (x 84B)
Class org.gradle.api.internal.classpath.UnknownModuleException                        : loaded 2 times (x 80B)
Class org.gradle.internal.service.ServiceLookupException                              : loaded 2 times (x 80B)
Class org.gradle.cache.GlobalCache                                                    : loaded 2 times (x 68B)
Class [Lorg.gradle.api.internal.ClassPathProvider;                                    : loaded 2 times (x 67B)
Class org.gradle.util.internal.GUtil                                                  : loaded 2 times (x 69B)
Class org.gradle.internal.classloader.ClassLoaderSpec                                 : loaded 2 times (x 69B)
Class org.gradle.internal.classloader.VisitableURLClassLoader                         : loaded 2 times (x 115B)
Class org.gradle.internal.Cast                                                        : loaded 2 times (x 69B)
Class org.gradle.api.internal.ClassPathRegistry                                       : loaded 2 times (x 68B)
Class org.gradle.internal.classloader.VisitableURLClassLoader$InstrumentingVisitableURLClassLoader: loaded 2 times (x 121B)
Class org.gradle.internal.classloader.ClassLoaderHierarchy                            : loaded 2 times (x 68B)
Class org.gradle.internal.InternalTransformer                                         : loaded 2 times (x 68B)
Class org.gradle.internal.service.ServiceLocator                                      : loaded 2 times (x 68B)
Class Settings_gradle$1                                                               : loaded 2 times (x 72B)
Class org.gradle.internal.classpath.DefaultClassPath$ImmutableUniqueList              : loaded 2 times (x 159B)
Class org.gradle.internal.classpath.TransformedClassPath                              : loaded 2 times (x 94B)
Class Settings_gradle                                                                 : loaded 2 times (x 126B)


---------------  S Y S T E M  ---------------

OS:
 Windows 10 , 64 bit Build 19041 (10.0.19041.4597)
OS uptime: 19 days 22:35 hours

CPU: total 12 (initial active 12) (6 cores per cpu, 2 threads per core) family 6 model 158 stepping 10 microcode 0xb4, cx8, cmov, fxsr, ht, mmx, 3dnowpref, sse, sse2, sse3, ssse3, sse4.1, sse4.2, popcnt, lzcnt, tsc, tscinvbit, avx, avx2, aes, erms, clmul, bmi1, bmi2, adx, fma, vzeroupper, clflush, clflushopt
Processor Information for all 12 processors :
  Max Mhz: 2208, Current Mhz: 2208, Mhz Limit: 2208

Memory: 4k page, system-wide physical 12176M (272M free)
TotalPageFile size 12176M (AvailPageFile size 2M)
current process WorkingSet (physical memory assigned to process): 245M, peak: 250M
current process commit charge ("private bytes"): 287M, peak: 328M

vm_info: OpenJDK 64-Bit Server VM (17.0.11+0--11852314) for windows-amd64 JRE (17.0.11+0--11852314), built on May 16 2024 21:29:20 by "androidbuild" with MS VC++ 16.10 / 16.11 (VS2019)

END.
